> load "DoDescent.m";
Loading "DoDescent.m"
Loading "ModelsXE.m"
Loading "TwoDescent.m"
Loading "Cubic.m"
Loading "LinearAlgebra.m"
Loading "LocalConditions.m"
===== X_{E_1} =====
Algebra A Number Field with defining polynomial t^8 - t^7 - 7*t^6 + 7*t^2 - 27*t
    - 1 over the Rational Field
Ideal defining R (to check rationality) Ideal of Polynomial ring of rank 3 over 
    Rational Field
Order: Lexicographical
Variables: $.1, $.2, $.3
Homogeneous
Basis:
[
    $.1^2 - $.2*$.3,
    $.1*$.2 + 21/5*$.1*$.3 - 28/5*$.3^2,
    $.1*$.3 - 5/28*$.2^2 - 3/4*$.2*$.3
]
The three points in the support of R do not lie on a line: true
Factors of A tensor Q_2: [*
    Extension of 2-adic field mod 2^100 by x^2 - 
        (78995501059831787362209811069*2^3 + O(2^100))*x + 
        356362259777241133776758922739 + O(2^100),
    Extension of 2-adic field mod 2^100 by x^6 + (631964008478654298897678488551
        + O(2^100))*x^5 + (283423864316362245446491621423*2 + O(2^100))*x^4 + 
        (615646835477507957444239998955 + O(2^100))*x^3 + 
        (118038821957509065664801503071*2 + O(2^100))*x^2 + 
        (220399361511192594798863018783 + O(2^100))*x + 
        149021908077973269381837651141 + O(2^100)
*]
F_2-dimension of local Selmer conditions at 2: 4
Number of elements in the fake Selmer group: 1
===== X_{E_2} =====
Algebra A Number Field with defining polynomial t^8 + 2*t^7 - 14*t^4 + 28*t^2 + 
    60*t + 92 over the Rational Field
Ideal defining R (to check rationality) Ideal of Polynomial ring of rank 3 over 
    Rational Field
Order: Lexicographical
Variables: $.1, $.2, $.3
Homogeneous
Basis:
[
    $.1^2 - 5/16*$.2*$.3 - $.3^2,
    $.1*$.2 + $.1*$.3 - 13/8*$.2*$.3,
    $.1*$.3 + 5/26*$.2^2 - 85/104*$.2*$.3 + 8/13*$.3^2
]
The three points in the support of R do not lie on a line: true
Factors of A tensor Q_2: [*
    Extension of 2-adic field mod 2^100 by x^8 + (2 + O(2^100))*x^7 + 
        O(2^100)*x^6 + O(2^100)*x^5 - (7*2 + O(2^100))*x^4 + O(2^100)*x^3 + 
        (7*2^2 + O(2^100))*x^2 + (15*2^2 + O(2^100))*x + 23*2^2 + O(2^100)
*]
F_2-dimension of local Selmer conditions at 2: 3
Number of elements in the fake Selmer group: 2
===== X_{E_4} =====
Algebra A Number Field with defining polynomial t^8 + t^7 - 7*t^6 + 7*t^2 + 27*t
    - 1 over the Rational Field
Ideal defining R (to check rationality) Ideal of Polynomial ring of rank 3 over 
    Rational Field
Order: Lexicographical
Variables: $.1, $.2, $.3
Homogeneous
Basis:
[
    $.1^2 + 201/1969*$.1*$.3 - 5/1969*$.2*$.3 - 388/1969*$.3^2,
    $.1*$.2 - 642/1969*$.1*$.3 + 927/1969*$.2*$.3 - 524/1969*$.3^2,
    $.1*$.3 - 9845/436622*$.2^2 - 43880/218311*$.2*$.3 - 65664/218311*$.3^2
]
The three points in the support of R do not lie on a line: true
Factors of A tensor Q_2: [*
    Extension of 2-adic field mod 2^100 by x^2 + 
        (78995501059831787362209811069*2^3 + O(2^100))*x + 
        356362259777241133776758922739 + O(2^100),
    Extension of 2-adic field mod 2^100 by x^6 - (631964008478654298897678488551
        + O(2^100))*x^5 + (283423864316362245446491621423*2 + O(2^100))*x^4 - 
        (615646835477507957444239998955 + O(2^100))*x^3 + 
        (118038821957509065664801503071*2 + O(2^100))*x^2 - 
        (220399361511192594798863018783 + O(2^100))*x + 
        149021908077973269381837651141 + O(2^100)
*]
F_2-dimension of local Selmer conditions at 2: 4
Number of elements in the fake Selmer group: 2
===== X_{E_3} =====
Algebra A Number Field with defining polynomial t^8 + 2*t^7 + 7*t^4 - 14*t^2 - 
    8*t + 5 over the Rational Field
Ideal defining R (to check rationality) Ideal of Polynomial ring of rank 3 over 
    Rational Field
Order: Lexicographical
Variables: $.1, $.2, $.3
Homogeneous
Basis:
[
    $.1^2 + 19/242*$.1*$.3 - 625/242*$.2*$.3 + 205/121*$.3^2,
    $.1*$.2 + 47/242*$.1*$.3 - 145/242*$.2*$.3 + 125/121*$.3^2,
    $.1*$.3 + 30250/13463*$.2^2 - 18725/13463*$.2*$.3 + 4346/13463*$.3^2
]
The three points in the support of R do not lie on a line: true
Factors of A tensor Q_2: [*
    Extension of 2-adic field mod 2^100 by x^8 + (2 + O(2^100))*x^7 + 
        O(2^100)*x^6 + O(2^100)*x^5 + (7 + O(2^100))*x^4 + O(2^100)*x^3 - (7*2 +
        O(2^100))*x^2 - (2^3 + O(2^100))*x + 5 + O(2^100)
*]
F_2-dimension of local Selmer conditions at 2: 3
Number of elements in the fake Selmer group: 4
Algebra A_3: Number Field with defining polynomial t^8 + 2*t^7 + 7*t^4 - 14*t^2 
    - 8*t + 5 over the Rational Field
Fake 2-Selmer group for X_{E_3}: [
    [1, 0, 0, 0, 0, 0, 0, 0],
    [5, 7, 2, 5, 7, 6, 5, -8],
    [4, 7, 2, 5, 7, 6, 5, -8],
    [14, 19, 5, 15, 20, 16, 14, -22]
]
Generator of kernel J(Q)/2J(Q) --> Sel^2_{fake}: Divisor on Curve over A3 
defined by
$.1^4 + 3*$.1^3*$.3 - 3*$.1^2*$.2^2 - 3*$.1^2*$.2*$.3 - 2*$.1*$.2^3 + 
    3*$.1*$.2^2*$.3 - 6*$.1*$.2*$.3^2 + 6*$.1*$.3^3 - 5*$.2^3*$.3 + 2*$.2*$.3^3 
    + 4*$.3^4
true
false
false
false
false
true
false
false
true (-5405/9317*u^2 - 35650/102487*u - 8625/9317)/(u^7 + 353/242*u^6 + 
    28774/14641*u^5 + 365725/29282*u^4 + 81500/14641*u^3 + 210000/14641*u^2 + 
    300000/14641*u + 100000/14641)*v^2 + (-3082/9317*u^3 - 31004/102487*u^2 + 
    10580/9317*u - 70150/102487)/(u^7 + 353/242*u^6 + 28774/14641*u^5 + 
    365725/29282*u^4 + 81500/14641*u^3 + 210000/14641*u^2 + 300000/14641*u + 
    100000/14641)*v + (-4761/9317*u^4 - 9706/9317*u^3 - 71553/102487*u^2 - 
    284740/102487*u - 157550/102487)/(u^7 + 353/242*u^6 + 28774/14641*u^5 + 
    365725/29282*u^4 + 81500/14641*u^3 + 210000/14641*u^2 + 300000/14641*u + 
    100000/14641)
true (-9/196*u^3 - 57/196*u^2 + 39/98*u - 45/49)/(u^5 + 2*u^4 - 23/4*u^3 - 
    19/4*u^2 + 55/4*u - 25/4)*v^2 + (-9/98*u^4 - 3/14*u^3 + 6/49*u^2 + 3/196*u -
    135/196)/(u^5 + 2*u^4 - 23/4*u^3 - 19/4*u^2 + 55/4*u - 25/4)*v + (-9/196*u^5
    - 27/196*u^4 - 15/98*u^3 - 99/196*u^2 - 3/28*u - 75/98)/(u^5 + 2*u^4 - 
    23/4*u^3 - 19/4*u^2 + 55/4*u - 25/4)


Total time: 245.039 seconds, Total memory usage: 192.25MB
